<?xml version="1.0" encoding="UTF-8"?>
<!-- Generated by org.testng.reporters.JUnitXMLReporter -->
<testsuite ignored="0" hostname="DESKTOP-IHJP9RL" failures="0" tests="1" name="Test" time="2.204" errors="0" timestamp="2024-10-02T19:42:58 IST">
  <testcase classname="testBase.BaseClass" name="@BeforeClass setup" time="1.85">
    <failure type="java.lang.NoClassDefFoundError" message="Could not initialize class org.apache.logging.log4j.core.impl.ThreadContextDataInjector">
      <![CDATA[java.lang.NoClassDefFoundError: Could not initialize class org.apache.logging.log4j.core.impl.ThreadContextDataInjector
at org.apache.logging.log4j.core.impl.ThreadContextDataInjector$ForDefaultThreadContextMap.<init>(ThreadContextDataInjector.java:98)
at org.apache.logging.log4j.core.impl.ContextDataInjectorFactory.createDefaultInjector(ContextDataInjectorFactory.java:86)
at org.apache.logging.log4j.util.LoaderUtil.newCheckedInstanceOfProperty(LoaderUtil.java:360)
at org.apache.logging.log4j.core.impl.ContextDataInjectorFactory.createInjector(ContextDataInjectorFactory.java:71)
at org.apache.logging.log4j.core.impl.ReusableLogEventFactory.<init>(ReusableLogEventFactory.java:41)
at org.apache.logging.log4j.core.config.LoggerConfig.createDefaultLogEventFactory(LoggerConfig.java:95)
at org.apache.logging.log4j.util.LoaderUtil.newCheckedInstanceOfProperty(LoaderUtil.java:360)
at org.apache.logging.log4j.core.config.LoggerConfig.<clinit>(LoggerConfig.java:84)
at org.apache.logging.log4j.core.config.AbstractConfiguration.<init>(AbstractConfiguration.java:139)
at org.apache.logging.log4j.core.config.NullConfiguration.<init>(NullConfiguration.java:32)
at org.apache.logging.log4j.core.LoggerContext.<clinit>(LoggerContext.java:76)
at org.apache.logging.log4j.core.selector.ClassLoaderContextSelector.createContext(ClassLoaderContextSelector.java:263)
at org.apache.logging.log4j.core.selector.ClassLoaderContextSelector.locateContext(ClassLoaderContextSelector.java:222)
at org.apache.logging.log4j.core.selector.ClassLoaderContextSelector.getContext(ClassLoaderContextSelector.java:140)
at org.apache.logging.log4j.core.selector.ClassLoaderContextSelector.getContext(ClassLoaderContextSelector.java:123)
at org.apache.logging.log4j.core.selector.ClassLoaderContextSelector.getContext(ClassLoaderContextSelector.java:117)
at org.apache.logging.log4j.core.impl.Log4jContextFactory.getContext(Log4jContextFactory.java:149)
at org.apache.logging.log4j.core.impl.Log4jContextFactory.getContext(Log4jContextFactory.java:46)
at org.apache.logging.log4j.LogManager.getContext(LogManager.java:138)
at org.apache.logging.log4j.LogManager.getLogger(LogManager.java:555)
at testBase.BaseClass.setup(BaseClass.java:22)
at java.base/java.util.ArrayList.forEach(ArrayList.java:1511)
Caused by: java.lang.ExceptionInInitializerError: Exception java.lang.NoSuchMethodError: 'java.util.stream.Stream org.apache.logging.log4j.util.ServiceLoaderUtil.loadServices(java.lang.Class, java.lang.invoke.MethodHandles$Lookup, boolean)' [in thread "main"]
at org.apache.logging.log4j.core.impl.ThreadContextDataInjector.getServiceProviders(ThreadContextDataInjector.java:82)
at org.apache.logging.log4j.core.impl.ThreadContextDataInjector.<clinit>(ThreadContextDataInjector.java:69)
at org.apache.logging.log4j.core.impl.ThreadContextDataInjector$ForDefaultThreadContextMap.<init>(ThreadContextDataInjector.java:98)
at org.apache.logging.log4j.core.impl.ContextDataInjectorFactory.createDefaultInjector(ContextDataInjectorFactory.java:86)
at org.apache.logging.log4j.util.LoaderUtil.newCheckedInstanceOfProperty(LoaderUtil.java:360)
at org.apache.logging.log4j.core.impl.ContextDataInjectorFactory.createInjector(ContextDataInjectorFactory.java:71)
at org.apache.logging.log4j.core.lookup.ContextMapLookup.<init>(ContextMapLookup.java:34)
at org.apache.logging.log4j.core.util.ReflectionUtil.instantiate(ReflectionUtil.java:188)
at org.apache.logging.log4j.core.lookup.Interpolator.<init>(Interpolator.java:90)
at org.apache.logging.log4j.core.lookup.Interpolator.<init>(Interpolator.java:109)
at org.apache.logging.log4j.core.config.AbstractConfiguration.<init>(AbstractConfiguration.java:136)
... 38 more
... Removed 30 stack frames]]>
    </failure>
  </testcase> <!-- @BeforeClass setup -->
  <testcase classname="testBase.BaseClass" name="@AfterClass tearDown" time="0.0">
    <skipped/>
  </testcase> <!-- @AfterClass tearDown -->
  <testcase classname="testCase.TC001_Account_Regristration_Test" name="verify_Account_Registration" time="0.001">
    <skipped/>
  </testcase> <!-- verify_Account_Registration -->
</testsuite> <!-- Test -->
