<?xml version="1.0" encoding="UTF-8"?>
<testng-results ignored="0" total="1" passed="1" failed="0" skipped="0">
  <reporter-output>
  </reporter-output>
  <suite started-at="2024-10-02T22:26:43 IST" name="Suite" finished-at="2024-10-02T22:27:49 IST" duration-ms="66532">
    <groups>
    </groups>
    <test started-at="2024-10-02T22:26:43 IST" name="Test" finished-at="2024-10-02T22:27:49 IST" duration-ms="66532">
      <class name="testCase.TC001_Account_Regristration_Test">
        <test-method is-config="true" signature="setup()[pri:0, instance:testCase.TC001_Account_Regristration_Test@3dd1dc90]" started-at="2024-10-02T22:26:43 IST" name="setup" finished-at="2024-10-02T22:27:35 IST" duration-ms="52031" status="PASS">
          <reporter-output>
          </reporter-output>
        </test-method> <!-- setup -->
        <test-method signature="verify_Account_Registration()[pri:0, instance:testCase.TC001_Account_Regristration_Test@3dd1dc90]" started-at="2024-10-02T22:27:35 IST" name="verify_Account_Registration" finished-at="2024-10-02T22:27:47 IST" duration-ms="11719" status="PASS">
          <reporter-output>
          </reporter-output>
        </test-method> <!-- verify_Account_Registration -->
        <test-method is-config="true" signature="tearDown()[pri:0, instance:testCase.TC001_Account_Regristration_Test@3dd1dc90]" started-at="2024-10-02T22:27:47 IST" name="tearDown" finished-at="2024-10-02T22:27:49 IST" duration-ms="2636" status="PASS">
          <reporter-output>
          </reporter-output>
        </test-method> <!-- tearDown -->
      </class> <!-- testCase.TC001_Account_Regristration_Test -->
    </test> <!-- Test -->
  </suite> <!-- Suite -->
</testng-results>
