<?xml version="1.0" encoding="UTF-8"?>
<testng-results ignored="0" total="1" passed="1" failed="0" skipped="0">
  <reporter-output>
  </reporter-output>
  <suite started-at="2024-10-03T00:26:55 IST" name="Suite" finished-at="2024-10-03T00:27:19 IST" duration-ms="24367">
    <groups>
    </groups>
    <test started-at="2024-10-03T00:26:55 IST" name="Test" finished-at="2024-10-03T00:27:19 IST" duration-ms="24367">
      <class name="testCase.TC001_Account_Regristration_Test">
        <test-method is-config="true" signature="setup()[pri:0, instance:testCase.TC001_Account_Regristration_Test@3dd1dc90]" started-at="2024-10-03T00:26:55 IST" name="setup" finished-at="2024-10-03T00:27:08 IST" duration-ms="13392" status="PASS">
          <reporter-output>
          </reporter-output>
        </test-method> <!-- setup -->
        <test-method signature="verify_Account_Registration()[pri:0, instance:testCase.TC001_Account_Regristration_Test@3dd1dc90]" started-at="2024-10-03T00:27:08 IST" name="verify_Account_Registration" finished-at="2024-10-03T00:27:16 IST" duration-ms="7662" status="PASS">
          <reporter-output>
          </reporter-output>
        </test-method> <!-- verify_Account_Registration -->
        <test-method is-config="true" signature="tearDown()[pri:0, instance:testCase.TC001_Account_Regristration_Test@3dd1dc90]" started-at="2024-10-03T00:27:16 IST" name="tearDown" finished-at="2024-10-03T00:27:19 IST" duration-ms="3120" status="PASS">
          <reporter-output>
          </reporter-output>
        </test-method> <!-- tearDown -->
      </class> <!-- testCase.TC001_Account_Regristration_Test -->
    </test> <!-- Test -->
  </suite> <!-- Suite -->
</testng-results>
