<?xml version="1.0" encoding="UTF-8"?>
<testng-results ignored="0" total="1" passed="1" failed="0" skipped="0">
  <reporter-output>
  </reporter-output>
  <suite started-at="2024-10-02T20:42:52 IST" name="Default suite" finished-at="2024-10-02T20:43:09 IST" duration-ms="16664">
    <groups>
    </groups>
    <test started-at="2024-10-02T20:42:52 IST" name="Default test" finished-at="2024-10-02T20:43:09 IST" duration-ms="16664">
      <class name="testCase.TC001_Account_Regristration_Test">
        <test-method is-config="true" signature="setup()[pri:0, instance:testCase.TC001_Account_Regristration_Test@376a0d86]" started-at="2024-10-02T20:42:52 IST" name="setup" finished-at="2024-10-02T20:43:02 IST" duration-ms="10089" status="PASS">
          <reporter-output>
          </reporter-output>
        </test-method> <!-- setup -->
        <test-method signature="verify_Account_Registration()[pri:0, instance:testCase.TC001_Account_Regristration_Test@376a0d86]" started-at="2024-10-02T20:43:02 IST" name="verify_Account_Registration" finished-at="2024-10-02T20:43:08 IST" duration-ms="5570" status="PASS">
          <reporter-output>
          </reporter-output>
        </test-method> <!-- verify_Account_Registration -->
        <test-method is-config="true" signature="tearDown()[pri:0, instance:testCase.TC001_Account_Regristration_Test@376a0d86]" started-at="2024-10-02T20:43:08 IST" name="tearDown" finished-at="2024-10-02T20:43:09 IST" duration-ms="777" status="PASS">
          <reporter-output>
          </reporter-output>
        </test-method> <!-- tearDown -->
      </class> <!-- testCase.TC001_Account_Regristration_Test -->
    </test> <!-- Default test -->
  </suite> <!-- Default suite -->
</testng-results>
