<?xml version="1.0" encoding="UTF-8"?>
<testng-results ignored="0" total="1" passed="1" failed="0" skipped="0">
  <reporter-output>
  </reporter-output>
  <suite started-at="2024-10-01T09:34:36 IST" name="Default suite" finished-at="2024-10-01T09:34:51 IST" duration-ms="14950">
    <groups>
    </groups>
    <test started-at="2024-10-01T09:34:36 IST" name="Default test" finished-at="2024-10-01T09:34:51 IST" duration-ms="14950">
      <class name="testCase.TC001_Account_Regristration_Test">
        <test-method is-config="true" signature="setup()[pri:0, instance:testCase.TC001_Account_Regristration_Test@4c2bb6e0]" started-at="2024-10-01T09:34:37 IST" name="setup" finished-at="2024-10-01T09:34:45 IST" duration-ms="8300" status="PASS">
          <reporter-output>
          </reporter-output>
        </test-method> <!-- setup -->
        <test-method signature="verify_Account_Registration()[pri:0, instance:testCase.TC001_Account_Regristration_Test@4c2bb6e0]" started-at="2024-10-01T09:34:45 IST" name="verify_Account_Registration" finished-at="2024-10-01T09:34:50 IST" duration-ms="5042" status="PASS">
          <reporter-output>
          </reporter-output>
        </test-method> <!-- verify_Account_Registration -->
        <test-method is-config="true" signature="tearDown()[pri:0, instance:testCase.TC001_Account_Regristration_Test@4c2bb6e0]" started-at="2024-10-01T09:34:50 IST" name="tearDown" finished-at="2024-10-01T09:34:51 IST" duration-ms="1295" status="PASS">
          <reporter-output>
          </reporter-output>
        </test-method> <!-- tearDown -->
      </class> <!-- testCase.TC001_Account_Regristration_Test -->
    </test> <!-- Default test -->
  </suite> <!-- Default suite -->
</testng-results>
